Arguments: 
  /Users/widyakumara/.nvm/versions/node/v10.16.0/bin/node /usr/local/Cellar/yarn/1.17.0/libexec/bin/yarn.js publish

PATH: 
  /Users/widyakumara/.nvm/versions/node/v10.16.0/bin:/Volumes/data/michelle/bin:/Users/widyakumara/bin:/usr/local/bin:/usr/bin:/bin:/usr/sbin:/sbin

Yarn version: 
  1.17.0

Node version: 
  10.16.0

Platform: 
  darwin x64

Trace: 
  Error: canceled
      at Interface.<anonymous> (/usr/local/Cellar/yarn/1.17.0/libexec/lib/cli.js:136699:13)
      at Interface.emit (events.js:198:13)
      at Interface._ttyWrite (readline.js:801:16)
      at ReadStream.onkeypress (readline.js:184:10)
      at ReadStream.emit (events.js:198:13)
      at emitKeys (internal/readline.js:424:14)
      at emitKeys.next (<anonymous>)
      at ReadStream.onData (readline.js:1075:36)
      at ReadStream.emit (events.js:198:13)
      at addChunk (_stream_readable.js:288:12)

npm manifest: 
  {
    "name": "npm-lifecycle-hooks",
    "description": "a study of npm lifecycle hooks",
    "version": "0.0.4",
    "repository": "git@github.com:widyakumara/npm-lifecycle-hooks.git",
    "author": "Dewa M. Widyakumara <widyakumara@gmail.com>",
    "license": "MIT",
    "scripts": {
      "prepublish": "node script.js prepublish",
      "prepare": "node script.js prepare",
      "prepublishOnly": "node script.js prepublishOnly",
      "prepack": "node script.js prepack",
      "postpack": "node script.js postpack",
      "publish": "node script.js publish",
      "postpublish": "node script.js postpublish",
      "preinstall": "node script.js preinstall",
      "install": "node script.js install",
      "postinstall": "node script.js postinstall",
      "preuninstall": "node script.js preuninstall",
      "uninstall": "node script.js uninstall",
      "postuninstall": "node script.js postuninstall",
      "preversion": "node script.js preversion",
      "version": "node script.js version",
      "postversion": "node script.js postversion",
      "pretest": "node script.js pretest",
      "test": "node script.js test",
      "posttest": "node script.js posttest",
      "prestop": "node script.js prestop",
      "stop": "node script.js stop",
      "poststop": "node script.js poststop",
      "prestart": "node script.js prestart",
      "start": "node script.js start",
      "poststart": "node script.js poststart",
      "prerestart": "node script.js prerestart",
      "restart": "node script.js restart",
      "postrestart": "node script.js postrestart",
      "preshrinkwrap": "node script.js preshrinkwrap",
      "shrinkwrap": "node script.js shrinkwrap",
      "postshrinkwrap": "node script.js postshrinkwraps"
    }
  }

yarn manifest: 
  No manifest

Lockfile: 
  No lockfile
